2024-08-28 15:39:16 INFO  TC_001_AccountRegisterationTest:15 - ***** Starting TC_001_AccountRegisterationTest *****
2024-08-28 15:39:17 INFO  TC_001_AccountRegisterationTest:20 - Clicked on MyAccount Link...
2024-08-28 15:39:20 INFO  TC_001_AccountRegisterationTest:22 - Clicked on Register Link...
2024-08-28 15:39:21 INFO  TC_001_AccountRegisterationTest:25 - Providing Customer details...
2024-08-28 15:39:24 INFO  TC_001_AccountRegisterationTest:37 - Validating expected message...
2024-08-28 15:39:24 INFO  TC_001_AccountRegisterationTest:39 - Test Case Passed...
2024-08-28 15:39:24 INFO  TC_001_AccountRegisterationTest:45 - ---------------Finished TC_001_AccountRegisterationTest-------------------------
2024-08-28 15:39:40 INFO  TC_002_LoginTest:15 - ***** TC_001_LoginTest Started *****
2024-08-28 15:39:40 INFO  TC_002_LoginTest:20 - Clicked on MyAccount link on the same page.. 
2024-08-28 15:39:41 INFO  TC_002_LoginTest:22 - Clicked on Login Link under MyAccount..
2024-08-28 15:39:41 INFO  TC_002_LoginTest:25 - Entering valid email and password..
2024-08-28 15:39:42 INFO  TC_002_LoginTest:29 - Clicked on Login Button...
2024-08-28 15:39:43 INFO  TC_002_LoginTest:37 - **** Finished TC_002_LoginTest ****
2024-08-28 16:38:09 INFO  TC_001_AccountRegisterationTest:15 - ***** Starting TC_001_AccountRegisterationTest *****
2024-08-28 16:38:10 INFO  TC_001_AccountRegisterationTest:20 - Clicked on MyAccount Link...
2024-08-28 16:38:12 INFO  TC_001_AccountRegisterationTest:22 - Clicked on Register Link...
2024-08-28 16:38:12 INFO  TC_001_AccountRegisterationTest:25 - Providing Customer details...
2024-08-28 16:38:17 INFO  TC_001_AccountRegisterationTest:37 - Validating expected message...
2024-08-28 16:38:18 INFO  TC_001_AccountRegisterationTest:39 - Test Case Passed...
2024-08-28 16:38:18 INFO  TC_001_AccountRegisterationTest:45 - ---------------Finished TC_001_AccountRegisterationTest-------------------------
2024-08-28 16:38:35 INFO  TC_002_LoginTest:15 - ***** TC_001_LoginTest Started *****
2024-08-28 16:38:36 INFO  TC_002_LoginTest:20 - Clicked on MyAccount link on the same page.. 
2024-08-28 16:38:36 INFO  TC_002_LoginTest:22 - Clicked on Login Link under MyAccount..
2024-08-28 16:38:36 INFO  TC_002_LoginTest:25 - Entering valid email and password..
2024-08-28 16:38:37 INFO  TC_002_LoginTest:29 - Clicked on Login Button...
2024-08-28 16:38:38 INFO  TC_002_LoginTest:37 - **** Finished TC_002_LoginTest ****
2024-08-28 16:56:03 INFO  TC_001_AccountRegisterationTest:15 - ***** Starting TC_001_AccountRegisterationTest *****
2024-08-28 16:56:04 INFO  TC_001_AccountRegisterationTest:20 - Clicked on MyAccount Link...
2024-08-28 16:56:05 INFO  TC_001_AccountRegisterationTest:22 - Clicked on Register Link...
2024-08-28 16:56:05 INFO  TC_001_AccountRegisterationTest:25 - Providing Customer details...
2024-08-28 16:56:08 INFO  TC_001_AccountRegisterationTest:37 - Validating expected message...
2024-08-28 16:56:08 INFO  TC_001_AccountRegisterationTest:39 - Test Case Passed...
2024-08-28 16:56:08 INFO  TC_001_AccountRegisterationTest:45 - ---------------Finished TC_001_AccountRegisterationTest-------------------------
2024-08-28 16:56:20 INFO  TC_002_LoginTest:15 - ***** TC_001_LoginTest Started *****
2024-08-28 16:56:20 INFO  TC_002_LoginTest:20 - Clicked on MyAccount link on the same page.. 
2024-08-28 16:56:21 INFO  TC_002_LoginTest:22 - Clicked on Login Link under MyAccount..
2024-08-28 16:56:21 INFO  TC_002_LoginTest:25 - Entering valid email and password..
2024-08-28 16:56:22 INFO  TC_002_LoginTest:29 - Clicked on Login Button...
2024-08-28 16:56:23 INFO  TC_002_LoginTest:37 - **** Finished TC_002_LoginTest ****
